[2022-10-05T18:38:59.255Z] Niveau de journal : Info
[2022-10-05T18:38:59.364Z] [info] Validation du git trouvé dans : git
[2022-10-05T18:38:59.557Z] [info] Utilisation de git 2.30.2 à partir de git
[2022-10-05T18:38:59.979Z] > git rev-parse --show-toplevel [298ms]
[2022-10-05T18:38:59.979Z] fatal: not a git repository (or any of the parent directories): .git
[2022-10-05T18:39:00.054Z] > git rev-parse --show-toplevel [9ms]
[2022-10-05T18:39:00.054Z] fatal: not a git repository (or any of the parent directories): .git
[2022-10-05T18:39:00.116Z] > git rev-parse --show-toplevel [8ms]
[2022-10-05T18:39:00.116Z] fatal: not a git repository (or any of the parent directories): .git
[2022-10-05T18:39:00.688Z] > git rev-parse --show-toplevel [10ms]
[2022-10-05T18:39:00.688Z] fatal: not a git repository (or any of the parent directories): .git
[2022-10-06T12:51:12.797Z] > git rev-parse --show-toplevel [116ms]
[2022-10-06T12:51:12.797Z] fatal: not a git repository (or any of the parent directories): .git
[2022-10-06T12:51:17.516Z] > git rev-parse --show-toplevel [11ms]
[2022-10-06T12:51:17.516Z] fatal: not a git repository (or any of the parent directories): .git
[2022-10-06T12:52:41.370Z] > git rev-parse --show-toplevel [13ms]
[2022-10-06T12:52:41.370Z] fatal: not a git repository (or any of the parent directories): .git
[2022-10-06T12:52:49.578Z] > git rev-parse --show-toplevel [15ms]
[2022-10-06T12:52:49.578Z] fatal: not a git repository (or any of the parent directories): .git
[2022-10-06T12:52:51.050Z] > git rev-parse --show-toplevel [20ms]
[2022-10-06T12:52:51.050Z] fatal: not a git repository (or any of the parent directories): .git
[2022-10-06T12:52:52.324Z] > git rev-parse --show-toplevel [10ms]
[2022-10-06T12:52:52.324Z] fatal: not a git repository (or any of the parent directories): .git
[2022-10-06T12:52:53.979Z] > git rev-parse --show-toplevel [13ms]
[2022-10-06T12:52:53.979Z] fatal: not a git repository (or any of the parent directories): .git
[2022-10-06T12:55:50.101Z] > git rev-parse --show-toplevel [13ms]
[2022-10-06T12:55:50.101Z] fatal: not a git repository (or any of the parent directories): .git
[2022-10-06T13:04:34.104Z] > git rev-parse --show-toplevel [48ms]
[2022-10-06T13:04:34.163Z] > git rev-parse --git-dir --git-common-dir [9ms]
[2022-10-06T13:04:34.191Z] [info] Open repository: /home/fado/scripts_bash
[2022-10-06T13:04:34.297Z] > git status -z -uall [51ms]
[2022-10-06T13:04:34.356Z] > git symbolic-ref --short HEAD [16ms]
[2022-10-06T13:04:34.407Z] > git for-each-ref --format=%(refname)%00%(upstream:short)%00%(objectname)%00%(upstream:track)%00%(upstream:remotename)%00%(upstream:remoteref) refs/heads/master refs/remotes/master [12ms]
[2022-10-06T13:04:34.492Z] > git for-each-ref --sort -committerdate --format %(refname) %(objectname) %(*objectname) [41ms]
[2022-10-06T13:04:34.496Z] > git remote --verbose [11ms]
[2022-10-06T13:04:34.561Z] > git config --get commit.template [16ms]
[2022-10-06T13:04:34.705Z] > git status -z -uall [92ms]
[2022-10-06T13:04:34.743Z] > git show --textconv :git_auto_0.2.sh [82ms]
[2022-10-06T13:04:34.754Z] > git ls-files --stage -- /home/fado/scripts_bash/git_auto_0.2.sh [54ms]
[2022-10-06T13:04:34.789Z] > git symbolic-ref --short HEAD [47ms]
[2022-10-06T13:04:34.906Z] > git for-each-ref --format=%(refname)%00%(upstream:short)%00%(objectname)%00%(upstream:track)%00%(upstream:remotename)%00%(upstream:remoteref) refs/heads/master refs/remotes/master [76ms]
[2022-10-06T13:04:34.989Z] > git cat-file -s 39b79af1d6c357ea3fb605f2f0f0be3e86faabd0 [202ms]
[2022-10-06T13:04:34.995Z] > git check-ignore -v -z --stdin [93ms]
[2022-10-06T13:04:34.996Z] > git remote --verbose [13ms]
[2022-10-06T13:04:34.997Z] > git for-each-ref --sort -committerdate --format %(refname) %(objectname) %(*objectname) [47ms]
[2022-10-06T13:04:35.057Z] > git config --get commit.template [8ms]
[2022-10-06T13:08:55.961Z] > git status -z -uall [18ms]
[2022-10-06T13:08:56.016Z] > git symbolic-ref --short HEAD [16ms]
[2022-10-06T13:08:56.074Z] > git for-each-ref --format=%(refname)%00%(upstream:short)%00%(objectname)%00%(upstream:track)%00%(upstream:remotename)%00%(upstream:remoteref) refs/heads/master refs/remotes/master [14ms]
[2022-10-06T13:08:56.165Z] > git for-each-ref --sort -committerdate --format %(refname) %(objectname) %(*objectname) [55ms]
[2022-10-06T13:08:56.175Z] > git remote --verbose [13ms]
[2022-10-06T13:08:56.248Z] > git config --get commit.template [18ms]
[2022-10-06T13:09:03.164Z] > git status -z -uall [16ms]
[2022-10-06T13:09:03.249Z] > git symbolic-ref --short HEAD [47ms]
[2022-10-06T13:09:03.311Z] > git for-each-ref --format=%(refname)%00%(upstream:short)%00%(objectname)%00%(upstream:track)%00%(upstream:remotename)%00%(upstream:remoteref) refs/heads/master refs/remotes/master [15ms]
[2022-10-06T13:09:03.380Z] > git for-each-ref --sort -committerdate --format %(refname) %(objectname) %(*objectname) [41ms]
[2022-10-06T13:09:03.386Z] > git remote --verbose [9ms]
[2022-10-06T13:09:03.426Z] > git config --get commit.template [9ms]
[2022-10-06T13:09:08.468Z] > git status -z -uall [13ms]
[2022-10-06T13:09:08.502Z] > git symbolic-ref --short HEAD [9ms]
[2022-10-06T13:09:08.537Z] > git for-each-ref --format=%(refname)%00%(upstream:short)%00%(objectname)%00%(upstream:track)%00%(upstream:remotename)%00%(upstream:remoteref) refs/heads/master refs/remotes/master [10ms]
[2022-10-06T13:09:08.593Z] > git for-each-ref --sort -committerdate --format %(refname) %(objectname) %(*objectname) [30ms]
[2022-10-06T13:09:08.599Z] > git remote --verbose [8ms]
[2022-10-06T13:09:08.637Z] > git config --get commit.template [8ms]
[2022-10-06T13:09:15.354Z] > git status -z -uall [23ms]
[2022-10-06T13:09:15.402Z] > git symbolic-ref --short HEAD [16ms]
[2022-10-06T13:09:15.441Z] > git for-each-ref --format=%(refname)%00%(upstream:short)%00%(objectname)%00%(upstream:track)%00%(upstream:remotename)%00%(upstream:remoteref) refs/heads/master refs/remotes/master [10ms]
[2022-10-06T13:09:15.509Z] > git for-each-ref --sort -committerdate --format %(refname) %(objectname) %(*objectname) [42ms]
[2022-10-06T13:09:15.515Z] > git remote --verbose [11ms]
[2022-10-06T13:09:15.553Z] > git config --get commit.template [8ms]
[2022-10-06T13:09:20.599Z] > git status -z -uall [15ms]
[2022-10-06T13:09:20.635Z] > git symbolic-ref --short HEAD [10ms]
[2022-10-06T13:09:20.679Z] > git for-each-ref --format=%(refname)%00%(upstream:short)%00%(objectname)%00%(upstream:track)%00%(upstream:remotename)%00%(upstream:remoteref) refs/heads/master refs/remotes/master [10ms]
[2022-10-06T13:09:20.735Z] > git for-each-ref --sort -committerdate --format %(refname) %(objectname) %(*objectname) [31ms]
[2022-10-06T13:09:20.740Z] > git remote --verbose [8ms]
[2022-10-06T13:09:20.777Z] > git config --get commit.template [9ms]
[2022-10-06T13:09:29.090Z] > git status -z -uall [19ms]
[2022-10-06T13:09:29.148Z] > git symbolic-ref --short HEAD [15ms]
[2022-10-06T13:09:29.227Z] > git for-each-ref --format=%(refname)%00%(upstream:short)%00%(objectname)%00%(upstream:track)%00%(upstream:remotename)%00%(upstream:remoteref) refs/heads/master refs/remotes/master [20ms]
[2022-10-06T13:09:29.332Z] > git for-each-ref --sort -committerdate --format %(refname) %(objectname) %(*objectname) [62ms]
[2022-10-06T13:09:29.337Z] > git remote --verbose [8ms]
[2022-10-06T13:09:29.375Z] > git config --get commit.template [8ms]
[2022-10-06T13:09:40.346Z] > git status -z -uall [14ms]
[2022-10-06T13:09:40.380Z] > git symbolic-ref --short HEAD [9ms]
[2022-10-06T13:09:40.419Z] > git for-each-ref --format=%(refname)%00%(upstream:short)%00%(objectname)%00%(upstream:track)%00%(upstream:remotename)%00%(upstream:remoteref) refs/heads/master refs/remotes/master [11ms]
[2022-10-06T13:09:40.515Z] > git for-each-ref --sort -committerdate --format %(refname) %(objectname) %(*objectname) [36ms]
[2022-10-06T13:09:40.521Z] > git remote --verbose [10ms]
[2022-10-06T13:09:40.593Z] > git config --get commit.template [7ms]
[2022-10-06T13:09:53.488Z] > git status -z -uall [13ms]
[2022-10-06T13:09:53.522Z] > git symbolic-ref --short HEAD [9ms]
[2022-10-06T13:09:53.567Z] > git for-each-ref --format=%(refname)%00%(upstream:short)%00%(objectname)%00%(upstream:track)%00%(upstream:remotename)%00%(upstream:remoteref) refs/heads/master refs/remotes/master [11ms]
[2022-10-06T13:09:53.628Z] > git for-each-ref --sort -committerdate --format %(refname) %(objectname) %(*objectname) [33ms]
[2022-10-06T13:09:53.632Z] > git remote --verbose [7ms]
[2022-10-06T13:09:53.670Z] > git config --get commit.template [7ms]
[2022-10-06T13:10:42.180Z] > git status -z -uall [20ms]
[2022-10-06T13:10:42.238Z] > git symbolic-ref --short HEAD [14ms]
[2022-10-06T13:10:42.275Z] > git for-each-ref --format=%(refname)%00%(upstream:short)%00%(objectname)%00%(upstream:track)%00%(upstream:remotename)%00%(upstream:remoteref) refs/heads/master refs/remotes/master [10ms]
[2022-10-06T13:10:42.343Z] > git for-each-ref --sort -committerdate --format %(refname) %(objectname) %(*objectname) [36ms]
[2022-10-06T13:10:42.348Z] > git remote --verbose [10ms]
[2022-10-06T13:10:42.391Z] > git config --get commit.template [9ms]
